<?xml version="1.0" encoding="UTF-8"?>
<testsuite xmlns:xsi="http://www.w3.org/2001/XMLSchema-instance" xsi:noNamespaceSchemaLocation="https://maven.apache.org/surefire/maven-surefire-plugin/xsd/surefire-test-report.xsd" name="com.fejesp.costmanager.costmanagerapp.CostManagerCostAvgCalculationTests" time="14.636" tests="3" errors="0" skipped="0" failures="0">
  <properties>
    <property name="sun.desktop" value="windows"/>
    <property name="awt.toolkit" value="sun.awt.windows.WToolkit"/>
    <property name="file.encoding.pkg" value="sun.io"/>
    <property name="java.specification.version" value="1.8"/>
    <property name="sun.cpu.isalist" value="amd64"/>
    <property name="sun.jnu.encoding" value="Cp1250"/>
    <property name="java.class.path" value="P:\Személyes\Projects\chemaxon\costmanager-app\runtime\target\test-classes;P:\Személyes\Projects\chemaxon\costmanager-app\runtime\target\classes;P:\Személyes\Projects\chemaxon\costmanager-app\server\target\server-0.0.1-SNAPSHOT.jar;P:\Személyes\Projects\chemaxon\costmanager-app\api\target\api-0.0.1-SNAPSHOT.jar;C:\Software\maven_repository\org\springframework\boot\spring-boot-starter-data-jpa\2.5.3\spring-boot-starter-data-jpa-2.5.3.jar;C:\Software\maven_repository\org\springframework\boot\spring-boot-starter-aop\2.5.3\spring-boot-starter-aop-2.5.3.jar;C:\Software\maven_repository\org\springframework\spring-aop\5.3.9\spring-aop-5.3.9.jar;C:\Software\maven_repository\org\aspectj\aspectjweaver\1.9.7\aspectjweaver-1.9.7.jar;C:\Software\maven_repository\org\springframework\boot\spring-boot-starter-jdbc\2.5.3\spring-boot-starter-jdbc-2.5.3.jar;C:\Software\maven_repository\com\zaxxer\HikariCP\4.0.3\HikariCP-4.0.3.jar;C:\Software\maven_repository\org\springframework\spring-jdbc\5.3.9\spring-jdbc-5.3.9.jar;C:\Software\maven_repository\jakarta\transaction\jakarta.transaction-api\1.3.3\jakarta.transaction-api-1.3.3.jar;C:\Software\maven_repository\jakarta\persistence\jakarta.persistence-api\2.2.3\jakarta.persistence-api-2.2.3.jar;C:\Software\maven_repository\org\hibernate\hibernate-core\5.4.32.Final\hibernate-core-5.4.32.Final.jar;C:\Software\maven_repository\org\jboss\logging\jboss-logging\3.4.2.Final\jboss-logging-3.4.2.Final.jar;C:\Software\maven_repository\org\javassist\javassist\3.27.0-GA\javassist-3.27.0-GA.jar;C:\Software\maven_repository\net\bytebuddy\byte-buddy\1.10.22\byte-buddy-1.10.22.jar;C:\Software\maven_repository\antlr\antlr\2.7.7\antlr-2.7.7.jar;C:\Software\maven_repository\org\jboss\jandex\2.2.3.Final\jandex-2.2.3.Final.jar;C:\Software\maven_repository\com\fasterxml\classmate\1.5.1\classmate-1.5.1.jar;C:\Software\maven_repository\org\dom4j\dom4j\2.1.3\dom4j-2.1.3.jar;C:\Software\maven_repository\org\hibernate\common\hibernate-commons-annotations\5.1.2.Final\hibernate-commons-annotations-5.1.2.Final.jar;C:\Software\maven_repository\org\glassfish\jaxb\jaxb-runtime\2.3.4\jaxb-runtime-2.3.4.jar;C:\Software\maven_repository\org\glassfish\jaxb\txw2\2.3.4\txw2-2.3.4.jar;C:\Software\maven_repository\com\sun\istack\istack-commons-runtime\3.0.12\istack-commons-runtime-3.0.12.jar;C:\Software\maven_repository\com\sun\activation\jakarta.activation\1.2.2\jakarta.activation-1.2.2.jar;C:\Software\maven_repository\org\springframework\data\spring-data-jpa\2.5.3\spring-data-jpa-2.5.3.jar;C:\Software\maven_repository\org\springframework\data\spring-data-commons\2.5.3\spring-data-commons-2.5.3.jar;C:\Software\maven_repository\org\springframework\spring-orm\5.3.9\spring-orm-5.3.9.jar;C:\Software\maven_repository\org\springframework\spring-context\5.3.9\spring-context-5.3.9.jar;C:\Software\maven_repository\org\springframework\spring-tx\5.3.9\spring-tx-5.3.9.jar;C:\Software\maven_repository\org\springframework\spring-beans\5.3.9\spring-beans-5.3.9.jar;C:\Software\maven_repository\org\slf4j\slf4j-api\1.7.32\slf4j-api-1.7.32.jar;C:\Software\maven_repository\org\springframework\spring-aspects\5.3.9\spring-aspects-5.3.9.jar;C:\Software\maven_repository\org\springframework\boot\spring-boot-starter-web\2.5.3\spring-boot-starter-web-2.5.3.jar;C:\Software\maven_repository\org\springframework\boot\spring-boot-starter\2.5.3\spring-boot-starter-2.5.3.jar;C:\Software\maven_repository\org\springframework\boot\spring-boot\2.5.3\spring-boot-2.5.3.jar;C:\Software\maven_repository\org\springframework\boot\spring-boot-autoconfigure\2.5.3\spring-boot-autoconfigure-2.5.3.jar;C:\Software\maven_repository\org\springframework\boot\spring-boot-starter-logging\2.5.3\spring-boot-starter-logging-2.5.3.jar;C:\Software\maven_repository\ch\qos\logback\logback-classic\1.2.4\logback-classic-1.2.4.jar;C:\Software\maven_repository\ch\qos\logback\logback-core\1.2.4\logback-core-1.2.4.jar;C:\Software\maven_repository\org\apache\logging\log4j\log4j-to-slf4j\2.14.1\log4j-to-slf4j-2.14.1.jar;C:\Software\maven_repository\org\apache\logging\log4j\log4j-api\2.14.1\log4j-api-2.14.1.jar;C:\Software\maven_repository\org\slf4j\jul-to-slf4j\1.7.32\jul-to-slf4j-1.7.32.jar;C:\Software\maven_repository\jakarta\annotation\jakarta.annotation-api\1.3.5\jakarta.annotation-api-1.3.5.jar;C:\Software\maven_repository\org\yaml\snakeyaml\1.28\snakeyaml-1.28.jar;C:\Software\maven_repository\org\springframework\boot\spring-boot-starter-json\2.5.3\spring-boot-starter-json-2.5.3.jar;C:\Software\maven_repository\com\fasterxml\jackson\core\jackson-databind\2.12.4\jackson-databind-2.12.4.jar;C:\Software\maven_repository\com\fasterxml\jackson\core\jackson-annotations\2.12.4\jackson-annotations-2.12.4.jar;C:\Software\maven_repository\com\fasterxml\jackson\core\jackson-core\2.12.4\jackson-core-2.12.4.jar;C:\Software\maven_repository\com\fasterxml\jackson\datatype\jackson-datatype-jdk8\2.12.4\jackson-datatype-jdk8-2.12.4.jar;C:\Software\maven_repository\com\fasterxml\jackson\datatype\jackson-datatype-jsr310\2.12.4\jackson-datatype-jsr310-2.12.4.jar;C:\Software\maven_repository\com\fasterxml\jackson\module\jackson-module-parameter-names\2.12.4\jackson-module-parameter-names-2.12.4.jar;C:\Software\maven_repository\org\springframework\boot\spring-boot-starter-tomcat\2.5.3\spring-boot-starter-tomcat-2.5.3.jar;C:\Software\maven_repository\org\apache\tomcat\embed\tomcat-embed-core\9.0.50\tomcat-embed-core-9.0.50.jar;C:\Software\maven_repository\org\apache\tomcat\embed\tomcat-embed-el\9.0.50\tomcat-embed-el-9.0.50.jar;C:\Software\maven_repository\org\apache\tomcat\embed\tomcat-embed-websocket\9.0.50\tomcat-embed-websocket-9.0.50.jar;C:\Software\maven_repository\org\springframework\spring-web\5.3.9\spring-web-5.3.9.jar;C:\Software\maven_repository\org\springframework\spring-webmvc\5.3.9\spring-webmvc-5.3.9.jar;C:\Software\maven_repository\org\springframework\spring-expression\5.3.9\spring-expression-5.3.9.jar;C:\Software\maven_repository\commons-beanutils\commons-beanutils\1.9.4\commons-beanutils-1.9.4.jar;C:\Software\maven_repository\commons-logging\commons-logging\1.2\commons-logging-1.2.jar;C:\Software\maven_repository\commons-collections\commons-collections\3.2.2\commons-collections-3.2.2.jar;C:\Software\maven_repository\org\springframework\boot\spring-boot-starter-webflux\2.5.3\spring-boot-starter-webflux-2.5.3.jar;C:\Software\maven_repository\org\springframework\boot\spring-boot-starter-reactor-netty\2.5.3\spring-boot-starter-reactor-netty-2.5.3.jar;C:\Software\maven_repository\io\projectreactor\netty\reactor-netty-http\1.0.9\reactor-netty-http-1.0.9.jar;C:\Software\maven_repository\io\netty\netty-codec-http\4.1.66.Final\netty-codec-http-4.1.66.Final.jar;C:\Software\maven_repository\io\netty\netty-common\4.1.66.Final\netty-common-4.1.66.Final.jar;C:\Software\maven_repository\io\netty\netty-buffer\4.1.66.Final\netty-buffer-4.1.66.Final.jar;C:\Software\maven_repository\io\netty\netty-transport\4.1.66.Final\netty-transport-4.1.66.Final.jar;C:\Software\maven_repository\io\netty\netty-codec\4.1.66.Final\netty-codec-4.1.66.Final.jar;C:\Software\maven_repository\io\netty\netty-handler\4.1.66.Final\netty-handler-4.1.66.Final.jar;C:\Software\maven_repository\io\netty\netty-codec-http2\4.1.66.Final\netty-codec-http2-4.1.66.Final.jar;C:\Software\maven_repository\io\netty\netty-resolver-dns\4.1.66.Final\netty-resolver-dns-4.1.66.Final.jar;C:\Software\maven_repository\io\netty\netty-resolver\4.1.66.Final\netty-resolver-4.1.66.Final.jar;C:\Software\maven_repository\io\netty\netty-codec-dns\4.1.66.Final\netty-codec-dns-4.1.66.Final.jar;C:\Software\maven_repository\io\netty\netty-resolver-dns-native-macos\4.1.66.Final\netty-resolver-dns-native-macos-4.1.66.Final-osx-x86_64.jar;C:\Software\maven_repository\io\netty\netty-transport-native-unix-common\4.1.66.Final\netty-transport-native-unix-common-4.1.66.Final.jar;C:\Software\maven_repository\io\netty\netty-transport-native-epoll\4.1.66.Final\netty-transport-native-epoll-4.1.66.Final-linux-x86_64.jar;C:\Software\maven_repository\io\projectreactor\netty\reactor-netty-core\1.0.9\reactor-netty-core-1.0.9.jar;C:\Software\maven_repository\io\netty\netty-handler-proxy\4.1.66.Final\netty-handler-proxy-4.1.66.Final.jar;C:\Software\maven_repository\io\netty\netty-codec-socks\4.1.66.Final\netty-codec-socks-4.1.66.Final.jar;C:\Software\maven_repository\org\springframework\spring-webflux\5.3.9\spring-webflux-5.3.9.jar;C:\Software\maven_repository\io\projectreactor\reactor-core\3.4.8\reactor-core-3.4.8.jar;C:\Software\maven_repository\org\reactivestreams\reactive-streams\1.0.3\reactive-streams-1.0.3.jar;C:\Software\maven_repository\com\microsoft\sqlserver\mssql-jdbc\9.2.1.jre8\mssql-jdbc-9.2.1.jre8.jar;C:\Software\maven_repository\org\springframework\boot\spring-boot-starter-test\2.5.3\spring-boot-starter-test-2.5.3.jar;C:\Software\maven_repository\org\springframework\boot\spring-boot-test\2.5.3\spring-boot-test-2.5.3.jar;C:\Software\maven_repository\org\springframework\boot\spring-boot-test-autoconfigure\2.5.3\spring-boot-test-autoconfigure-2.5.3.jar;C:\Software\maven_repository\com\jayway\jsonpath\json-path\2.5.0\json-path-2.5.0.jar;C:\Software\maven_repository\net\minidev\json-smart\2.4.7\json-smart-2.4.7.jar;C:\Software\maven_repository\net\minidev\accessors-smart\2.4.7\accessors-smart-2.4.7.jar;C:\Software\maven_repository\org\ow2\asm\asm\9.1\asm-9.1.jar;C:\Software\maven_repository\jakarta\xml\bind\jakarta.xml.bind-api\2.3.3\jakarta.xml.bind-api-2.3.3.jar;C:\Software\maven_repository\jakarta\activation\jakarta.activation-api\1.2.2\jakarta.activation-api-1.2.2.jar;C:\Software\maven_repository\org\assertj\assertj-core\3.19.0\assertj-core-3.19.0.jar;C:\Software\maven_repository\org\hamcrest\hamcrest\2.2\hamcrest-2.2.jar;C:\Software\maven_repository\org\junit\jupiter\junit-jupiter\5.7.2\junit-jupiter-5.7.2.jar;C:\Software\maven_repository\org\junit\jupiter\junit-jupiter-api\5.7.2\junit-jupiter-api-5.7.2.jar;C:\Software\maven_repository\org\apiguardian\apiguardian-api\1.1.0\apiguardian-api-1.1.0.jar;C:\Software\maven_repository\org\opentest4j\opentest4j\1.2.0\opentest4j-1.2.0.jar;C:\Software\maven_repository\org\junit\platform\junit-platform-commons\1.7.2\junit-platform-commons-1.7.2.jar;C:\Software\maven_repository\org\junit\jupiter\junit-jupiter-params\5.7.2\junit-jupiter-params-5.7.2.jar;C:\Software\maven_repository\org\junit\jupiter\junit-jupiter-engine\5.7.2\junit-jupiter-engine-5.7.2.jar;C:\Software\maven_repository\org\junit\platform\junit-platform-engine\1.7.2\junit-platform-engine-1.7.2.jar;C:\Software\maven_repository\org\mockito\mockito-core\3.9.0\mockito-core-3.9.0.jar;C:\Software\maven_repository\net\bytebuddy\byte-buddy-agent\1.10.22\byte-buddy-agent-1.10.22.jar;C:\Software\maven_repository\org\objenesis\objenesis\3.2\objenesis-3.2.jar;C:\Software\maven_repository\org\mockito\mockito-junit-jupiter\3.9.0\mockito-junit-jupiter-3.9.0.jar;C:\Software\maven_repository\org\skyscreamer\jsonassert\1.5.0\jsonassert-1.5.0.jar;C:\Software\maven_repository\com\vaadin\external\google\android-json\0.0.20131108.vaadin1\android-json-0.0.20131108.vaadin1.jar;C:\Software\maven_repository\org\springframework\spring-core\5.3.9\spring-core-5.3.9.jar;C:\Software\maven_repository\org\springframework\spring-jcl\5.3.9\spring-jcl-5.3.9.jar;C:\Software\maven_repository\org\springframework\spring-test\5.3.9\spring-test-5.3.9.jar;C:\Software\maven_repository\org\xmlunit\xmlunit-core\2.8.2\xmlunit-core-2.8.2.jar;C:\Software\maven_repository\com\h2database\h2\1.4.200\h2-1.4.200.jar;C:\Software\maven_repository\org\projectlombok\lombok\1.18.20\lombok-1.18.20.jar;C:\Software\maven_repository\org\mapstruct\mapstruct\1.4.1.Final\mapstruct-1.4.1.Final.jar;C:\Software\maven_repository\org\mapstruct\mapstruct-processor\1.4.1.Final\mapstruct-processor-1.4.1.Final.jar;"/>
    <property name="java.vm.vendor" value="Oracle Corporation"/>
    <property name="sun.arch.data.model" value="64"/>
    <property name="user.variant" value=""/>
    <property name="java.vendor.url" value="http://java.oracle.com/"/>
    <property name="user.timezone" value="Europe/Prague"/>
    <property name="java.vm.specification.version" value="1.8"/>
    <property name="os.name" value="Windows 10"/>
    <property name="user.country" value="HU"/>
    <property name="sun.java.launcher" value="SUN_STANDARD"/>
    <property name="sun.boot.library.path" value="C:\Software\jdk18u91\jre\bin"/>
    <property name="sun.java.command" value="C:\Users\fejesp\AppData\Local\Temp\surefire2379383865242271760\surefirebooter3447922308440119521.jar C:\Users\fejesp\AppData\Local\Temp\surefire2379383865242271760 2021-08-18T22-09-00_685-jvmRun1 surefire7977964851674193925tmp surefire_06979348342797273825tmp"/>
    <property name="surefire.test.class.path" value="P:\Személyes\Projects\chemaxon\costmanager-app\runtime\target\test-classes;P:\Személyes\Projects\chemaxon\costmanager-app\runtime\target\classes;P:\Személyes\Projects\chemaxon\costmanager-app\server\target\server-0.0.1-SNAPSHOT.jar;P:\Személyes\Projects\chemaxon\costmanager-app\api\target\api-0.0.1-SNAPSHOT.jar;C:\Software\maven_repository\org\springframework\boot\spring-boot-starter-data-jpa\2.5.3\spring-boot-starter-data-jpa-2.5.3.jar;C:\Software\maven_repository\org\springframework\boot\spring-boot-starter-aop\2.5.3\spring-boot-starter-aop-2.5.3.jar;C:\Software\maven_repository\org\springframework\spring-aop\5.3.9\spring-aop-5.3.9.jar;C:\Software\maven_repository\org\aspectj\aspectjweaver\1.9.7\aspectjweaver-1.9.7.jar;C:\Software\maven_repository\org\springframework\boot\spring-boot-starter-jdbc\2.5.3\spring-boot-starter-jdbc-2.5.3.jar;C:\Software\maven_repository\com\zaxxer\HikariCP\4.0.3\HikariCP-4.0.3.jar;C:\Software\maven_repository\org\springframework\spring-jdbc\5.3.9\spring-jdbc-5.3.9.jar;C:\Software\maven_repository\jakarta\transaction\jakarta.transaction-api\1.3.3\jakarta.transaction-api-1.3.3.jar;C:\Software\maven_repository\jakarta\persistence\jakarta.persistence-api\2.2.3\jakarta.persistence-api-2.2.3.jar;C:\Software\maven_repository\org\hibernate\hibernate-core\5.4.32.Final\hibernate-core-5.4.32.Final.jar;C:\Software\maven_repository\org\jboss\logging\jboss-logging\3.4.2.Final\jboss-logging-3.4.2.Final.jar;C:\Software\maven_repository\org\javassist\javassist\3.27.0-GA\javassist-3.27.0-GA.jar;C:\Software\maven_repository\net\bytebuddy\byte-buddy\1.10.22\byte-buddy-1.10.22.jar;C:\Software\maven_repository\antlr\antlr\2.7.7\antlr-2.7.7.jar;C:\Software\maven_repository\org\jboss\jandex\2.2.3.Final\jandex-2.2.3.Final.jar;C:\Software\maven_repository\com\fasterxml\classmate\1.5.1\classmate-1.5.1.jar;C:\Software\maven_repository\org\dom4j\dom4j\2.1.3\dom4j-2.1.3.jar;C:\Software\maven_repository\org\hibernate\common\hibernate-commons-annotations\5.1.2.Final\hibernate-commons-annotations-5.1.2.Final.jar;C:\Software\maven_repository\org\glassfish\jaxb\jaxb-runtime\2.3.4\jaxb-runtime-2.3.4.jar;C:\Software\maven_repository\org\glassfish\jaxb\txw2\2.3.4\txw2-2.3.4.jar;C:\Software\maven_repository\com\sun\istack\istack-commons-runtime\3.0.12\istack-commons-runtime-3.0.12.jar;C:\Software\maven_repository\com\sun\activation\jakarta.activation\1.2.2\jakarta.activation-1.2.2.jar;C:\Software\maven_repository\org\springframework\data\spring-data-jpa\2.5.3\spring-data-jpa-2.5.3.jar;C:\Software\maven_repository\org\springframework\data\spring-data-commons\2.5.3\spring-data-commons-2.5.3.jar;C:\Software\maven_repository\org\springframework\spring-orm\5.3.9\spring-orm-5.3.9.jar;C:\Software\maven_repository\org\springframework\spring-context\5.3.9\spring-context-5.3.9.jar;C:\Software\maven_repository\org\springframework\spring-tx\5.3.9\spring-tx-5.3.9.jar;C:\Software\maven_repository\org\springframework\spring-beans\5.3.9\spring-beans-5.3.9.jar;C:\Software\maven_repository\org\slf4j\slf4j-api\1.7.32\slf4j-api-1.7.32.jar;C:\Software\maven_repository\org\springframework\spring-aspects\5.3.9\spring-aspects-5.3.9.jar;C:\Software\maven_repository\org\springframework\boot\spring-boot-starter-web\2.5.3\spring-boot-starter-web-2.5.3.jar;C:\Software\maven_repository\org\springframework\boot\spring-boot-starter\2.5.3\spring-boot-starter-2.5.3.jar;C:\Software\maven_repository\org\springframework\boot\spring-boot\2.5.3\spring-boot-2.5.3.jar;C:\Software\maven_repository\org\springframework\boot\spring-boot-autoconfigure\2.5.3\spring-boot-autoconfigure-2.5.3.jar;C:\Software\maven_repository\org\springframework\boot\spring-boot-starter-logging\2.5.3\spring-boot-starter-logging-2.5.3.jar;C:\Software\maven_repository\ch\qos\logback\logback-classic\1.2.4\logback-classic-1.2.4.jar;C:\Software\maven_repository\ch\qos\logback\logback-core\1.2.4\logback-core-1.2.4.jar;C:\Software\maven_repository\org\apache\logging\log4j\log4j-to-slf4j\2.14.1\log4j-to-slf4j-2.14.1.jar;C:\Software\maven_repository\org\apache\logging\log4j\log4j-api\2.14.1\log4j-api-2.14.1.jar;C:\Software\maven_repository\org\slf4j\jul-to-slf4j\1.7.32\jul-to-slf4j-1.7.32.jar;C:\Software\maven_repository\jakarta\annotation\jakarta.annotation-api\1.3.5\jakarta.annotation-api-1.3.5.jar;C:\Software\maven_repository\org\yaml\snakeyaml\1.28\snakeyaml-1.28.jar;C:\Software\maven_repository\org\springframework\boot\spring-boot-starter-json\2.5.3\spring-boot-starter-json-2.5.3.jar;C:\Software\maven_repository\com\fasterxml\jackson\core\jackson-databind\2.12.4\jackson-databind-2.12.4.jar;C:\Software\maven_repository\com\fasterxml\jackson\core\jackson-annotations\2.12.4\jackson-annotations-2.12.4.jar;C:\Software\maven_repository\com\fasterxml\jackson\core\jackson-core\2.12.4\jackson-core-2.12.4.jar;C:\Software\maven_repository\com\fasterxml\jackson\datatype\jackson-datatype-jdk8\2.12.4\jackson-datatype-jdk8-2.12.4.jar;C:\Software\maven_repository\com\fasterxml\jackson\datatype\jackson-datatype-jsr310\2.12.4\jackson-datatype-jsr310-2.12.4.jar;C:\Software\maven_repository\com\fasterxml\jackson\module\jackson-module-parameter-names\2.12.4\jackson-module-parameter-names-2.12.4.jar;C:\Software\maven_repository\org\springframework\boot\spring-boot-starter-tomcat\2.5.3\spring-boot-starter-tomcat-2.5.3.jar;C:\Software\maven_repository\org\apache\tomcat\embed\tomcat-embed-core\9.0.50\tomcat-embed-core-9.0.50.jar;C:\Software\maven_repository\org\apache\tomcat\embed\tomcat-embed-el\9.0.50\tomcat-embed-el-9.0.50.jar;C:\Software\maven_repository\org\apache\tomcat\embed\tomcat-embed-websocket\9.0.50\tomcat-embed-websocket-9.0.50.jar;C:\Software\maven_repository\org\springframework\spring-web\5.3.9\spring-web-5.3.9.jar;C:\Software\maven_repository\org\springframework\spring-webmvc\5.3.9\spring-webmvc-5.3.9.jar;C:\Software\maven_repository\org\springframework\spring-expression\5.3.9\spring-expression-5.3.9.jar;C:\Software\maven_repository\commons-beanutils\commons-beanutils\1.9.4\commons-beanutils-1.9.4.jar;C:\Software\maven_repository\commons-logging\commons-logging\1.2\commons-logging-1.2.jar;C:\Software\maven_repository\commons-collections\commons-collections\3.2.2\commons-collections-3.2.2.jar;C:\Software\maven_repository\org\springframework\boot\spring-boot-starter-webflux\2.5.3\spring-boot-starter-webflux-2.5.3.jar;C:\Software\maven_repository\org\springframework\boot\spring-boot-starter-reactor-netty\2.5.3\spring-boot-starter-reactor-netty-2.5.3.jar;C:\Software\maven_repository\io\projectreactor\netty\reactor-netty-http\1.0.9\reactor-netty-http-1.0.9.jar;C:\Software\maven_repository\io\netty\netty-codec-http\4.1.66.Final\netty-codec-http-4.1.66.Final.jar;C:\Software\maven_repository\io\netty\netty-common\4.1.66.Final\netty-common-4.1.66.Final.jar;C:\Software\maven_repository\io\netty\netty-buffer\4.1.66.Final\netty-buffer-4.1.66.Final.jar;C:\Software\maven_repository\io\netty\netty-transport\4.1.66.Final\netty-transport-4.1.66.Final.jar;C:\Software\maven_repository\io\netty\netty-codec\4.1.66.Final\netty-codec-4.1.66.Final.jar;C:\Software\maven_repository\io\netty\netty-handler\4.1.66.Final\netty-handler-4.1.66.Final.jar;C:\Software\maven_repository\io\netty\netty-codec-http2\4.1.66.Final\netty-codec-http2-4.1.66.Final.jar;C:\Software\maven_repository\io\netty\netty-resolver-dns\4.1.66.Final\netty-resolver-dns-4.1.66.Final.jar;C:\Software\maven_repository\io\netty\netty-resolver\4.1.66.Final\netty-resolver-4.1.66.Final.jar;C:\Software\maven_repository\io\netty\netty-codec-dns\4.1.66.Final\netty-codec-dns-4.1.66.Final.jar;C:\Software\maven_repository\io\netty\netty-resolver-dns-native-macos\4.1.66.Final\netty-resolver-dns-native-macos-4.1.66.Final-osx-x86_64.jar;C:\Software\maven_repository\io\netty\netty-transport-native-unix-common\4.1.66.Final\netty-transport-native-unix-common-4.1.66.Final.jar;C:\Software\maven_repository\io\netty\netty-transport-native-epoll\4.1.66.Final\netty-transport-native-epoll-4.1.66.Final-linux-x86_64.jar;C:\Software\maven_repository\io\projectreactor\netty\reactor-netty-core\1.0.9\reactor-netty-core-1.0.9.jar;C:\Software\maven_repository\io\netty\netty-handler-proxy\4.1.66.Final\netty-handler-proxy-4.1.66.Final.jar;C:\Software\maven_repository\io\netty\netty-codec-socks\4.1.66.Final\netty-codec-socks-4.1.66.Final.jar;C:\Software\maven_repository\org\springframework\spring-webflux\5.3.9\spring-webflux-5.3.9.jar;C:\Software\maven_repository\io\projectreactor\reactor-core\3.4.8\reactor-core-3.4.8.jar;C:\Software\maven_repository\org\reactivestreams\reactive-streams\1.0.3\reactive-streams-1.0.3.jar;C:\Software\maven_repository\com\microsoft\sqlserver\mssql-jdbc\9.2.1.jre8\mssql-jdbc-9.2.1.jre8.jar;C:\Software\maven_repository\org\springframework\boot\spring-boot-starter-test\2.5.3\spring-boot-starter-test-2.5.3.jar;C:\Software\maven_repository\org\springframework\boot\spring-boot-test\2.5.3\spring-boot-test-2.5.3.jar;C:\Software\maven_repository\org\springframework\boot\spring-boot-test-autoconfigure\2.5.3\spring-boot-test-autoconfigure-2.5.3.jar;C:\Software\maven_repository\com\jayway\jsonpath\json-path\2.5.0\json-path-2.5.0.jar;C:\Software\maven_repository\net\minidev\json-smart\2.4.7\json-smart-2.4.7.jar;C:\Software\maven_repository\net\minidev\accessors-smart\2.4.7\accessors-smart-2.4.7.jar;C:\Software\maven_repository\org\ow2\asm\asm\9.1\asm-9.1.jar;C:\Software\maven_repository\jakarta\xml\bind\jakarta.xml.bind-api\2.3.3\jakarta.xml.bind-api-2.3.3.jar;C:\Software\maven_repository\jakarta\activation\jakarta.activation-api\1.2.2\jakarta.activation-api-1.2.2.jar;C:\Software\maven_repository\org\assertj\assertj-core\3.19.0\assertj-core-3.19.0.jar;C:\Software\maven_repository\org\hamcrest\hamcrest\2.2\hamcrest-2.2.jar;C:\Software\maven_repository\org\junit\jupiter\junit-jupiter\5.7.2\junit-jupiter-5.7.2.jar;C:\Software\maven_repository\org\junit\jupiter\junit-jupiter-api\5.7.2\junit-jupiter-api-5.7.2.jar;C:\Software\maven_repository\org\apiguardian\apiguardian-api\1.1.0\apiguardian-api-1.1.0.jar;C:\Software\maven_repository\org\opentest4j\opentest4j\1.2.0\opentest4j-1.2.0.jar;C:\Software\maven_repository\org\junit\platform\junit-platform-commons\1.7.2\junit-platform-commons-1.7.2.jar;C:\Software\maven_repository\org\junit\jupiter\junit-jupiter-params\5.7.2\junit-jupiter-params-5.7.2.jar;C:\Software\maven_repository\org\junit\jupiter\junit-jupiter-engine\5.7.2\junit-jupiter-engine-5.7.2.jar;C:\Software\maven_repository\org\junit\platform\junit-platform-engine\1.7.2\junit-platform-engine-1.7.2.jar;C:\Software\maven_repository\org\mockito\mockito-core\3.9.0\mockito-core-3.9.0.jar;C:\Software\maven_repository\net\bytebuddy\byte-buddy-agent\1.10.22\byte-buddy-agent-1.10.22.jar;C:\Software\maven_repository\org\objenesis\objenesis\3.2\objenesis-3.2.jar;C:\Software\maven_repository\org\mockito\mockito-junit-jupiter\3.9.0\mockito-junit-jupiter-3.9.0.jar;C:\Software\maven_repository\org\skyscreamer\jsonassert\1.5.0\jsonassert-1.5.0.jar;C:\Software\maven_repository\com\vaadin\external\google\android-json\0.0.20131108.vaadin1\android-json-0.0.20131108.vaadin1.jar;C:\Software\maven_repository\org\springframework\spring-core\5.3.9\spring-core-5.3.9.jar;C:\Software\maven_repository\org\springframework\spring-jcl\5.3.9\spring-jcl-5.3.9.jar;C:\Software\maven_repository\org\springframework\spring-test\5.3.9\spring-test-5.3.9.jar;C:\Software\maven_repository\org\xmlunit\xmlunit-core\2.8.2\xmlunit-core-2.8.2.jar;C:\Software\maven_repository\com\h2database\h2\1.4.200\h2-1.4.200.jar;C:\Software\maven_repository\org\projectlombok\lombok\1.18.20\lombok-1.18.20.jar;C:\Software\maven_repository\org\mapstruct\mapstruct\1.4.1.Final\mapstruct-1.4.1.Final.jar;C:\Software\maven_repository\org\mapstruct\mapstruct-processor\1.4.1.Final\mapstruct-processor-1.4.1.Final.jar;"/>
    <property name="sun.cpu.endian" value="little"/>
    <property name="user.home" value="C:\Users\fejesp"/>
    <property name="user.language" value="hu"/>
    <property name="java.specification.vendor" value="Oracle Corporation"/>
    <property name="java.home" value="C:\Software\jdk18u91\jre"/>
    <property name="basedir" value="P:\Személyes\Projects\chemaxon\costmanager-app\runtime"/>
    <property name="file.separator" value="\"/>
    <property name="line.separator" value="&#10;"/>
    <property name="java.vm.specification.vendor" value="Oracle Corporation"/>
    <property name="java.specification.name" value="Java Platform API Specification"/>
    <property name="java.awt.graphicsenv" value="sun.awt.Win32GraphicsEnvironment"/>
    <property name="surefire.real.class.path" value="C:\Users\fejesp\AppData\Local\Temp\surefire2379383865242271760\surefirebooter3447922308440119521.jar"/>
    <property name="sun.boot.class.path" value="C:\Software\jdk18u91\jre\lib\resources.jar;C:\Software\jdk18u91\jre\lib\rt.jar;C:\Software\jdk18u91\jre\lib\sunrsasign.jar;C:\Software\jdk18u91\jre\lib\jsse.jar;C:\Software\jdk18u91\jre\lib\jce.jar;C:\Software\jdk18u91\jre\lib\charsets.jar;C:\Software\jdk18u91\jre\lib\jfr.jar;C:\Software\jdk18u91\jre\classes"/>
    <property name="user.script" value=""/>
    <property name="sun.management.compiler" value="HotSpot 64-Bit Tiered Compilers"/>
    <property name="java.runtime.version" value="1.8.0_91-b14"/>
    <property name="user.name" value="fejesp"/>
    <property name="path.separator" value=";"/>
    <property name="os.version" value="10.0"/>
    <property name="java.endorsed.dirs" value="C:\Software\jdk18u91\jre\lib\endorsed"/>
    <property name="java.runtime.name" value="Java(TM) SE Runtime Environment"/>
    <property name="file.encoding" value="Cp1250"/>
    <property name="java.vm.name" value="Java HotSpot(TM) 64-Bit Server VM"/>
    <property name="localRepository" value="C:\Software\maven_repository"/>
    <property name="java.vendor.url.bug" value="http://bugreport.sun.com/bugreport/"/>
    <property name="java.io.tmpdir" value="C:\Users\fejesp\AppData\Local\Temp\"/>
    <property name="java.version" value="1.8.0_91"/>
    <property name="user.dir" value="P:\Személyes\Projects\chemaxon\costmanager-app\runtime"/>
    <property name="os.arch" value="amd64"/>
    <property name="java.vm.specification.name" value="Java Virtual Machine Specification"/>
    <property name="java.awt.printerjob" value="sun.awt.windows.WPrinterJob"/>
    <property name="sun.os.patch.level" value=""/>
    <property name="java.library.path" value="C:\Software\jdk18u91\jre\bin;C:\WINDOWS\Sun\Java\bin;C:\WINDOWS\system32;C:\WINDOWS;C:\Program Files\Git\mingw64\bin;C:\Program Files\Git\usr\bin;C:\Users\fejesp\bin;C:\Program Files (x86)\Common Files\Oracle\Java\javapath;C:\Software\maven\bin;C:\app\product\11.2.0\client_1;C:\Software\UnixUtils\usr\local\wbin;C:\ProgramData\Oracle\Java\javapath;C:\Program Files (x86)\Intel\iCLS Client;C:\Program Files\Intel\iCLS Client;C:\WINDOWS\system32;C:\WINDOWS;C:\WINDOWS\System32\Wbem;C:\WINDOWS\System32\WindowsPowerShell\v1.0;C:\Program Files (x86)\Intel\Intel(R) Management Engine Components\DAL;C:\Program Files\Intel\Intel(R) Management Engine Components\DAL;C:\Program Files (x86)\Intel\Intel(R) Management Engine Components\IPT;C:\Program Files\Intel\Intel(R) Management Engine Components\IPT;C:\Program Files (x86)\AMD\ATI.ACE\Core-Static;C:\Program Files\TortoiseSVN\bin;C:\Program Files\Microsoft SQL Server\Client SDK\ODBC\130\Tools\Binn;C:\Program Files\Perforce;C:\Program Files\dotnet;C:\Program Files\Microsoft SQL Server\130\Tools\Binn;C:\WINDOWS\System32\OpenSSH;C:\Program Files\Intel\WiFi\bin;C:\Program Files\Common Files\Intel\WirelessCommon;C:\Program Files\Amazon\AWSCLIV2;C:\Program Files (x86)\Microsoft SQL Server\140\Tools\Binn;C:\Program Files\Microsoft SQL Server\140\Tools\Binn;C:\Program Files\Microsoft SQL Server\140\DTS\Binn;C:\Program Files (x86)\Microsoft SQL Server\150\DTS\Binn;C:\Program Files\Azure Data Studio\bin;C:\Program Files\Microsoft SQL Server\Client SDK\ODBC\170\Tools\Binn;C:\Program Files (x86)\dotnet;C:\Program Files\nodejs;C:\Program Files\PuTTY;C:\Program Files\MySQL\MySQL Shell 8.0\bin;C:\Users\fejesp\AppData\Local\Microsoft\WindowsApps;C:\Program Files\Intel\WiFi\bin;C:\Program Files\Common Files\Intel\WirelessCommon;C:\Users\fejesp\AppData\Local\Programs\Microsoft VS Code\bin;C:\Program Files\JetBrains\IntelliJ IDEA 2020.1.4\bin;C:\Users\fejesp\AppData\Local\Microsoft\WindowsApps;C:\Program Files\Azure Data Studio\bin;C:\Users\fejesp\.dotnet\tools;C:\Users\fejesp\AppData\Roaming\npm;."/>
    <property name="java.vm.info" value="mixed mode"/>
    <property name="java.vendor" value="Oracle Corporation"/>
    <property name="java.vm.version" value="25.91-b14"/>
    <property name="java.ext.dirs" value="C:\Software\jdk18u91\jre\lib\ext;C:\WINDOWS\Sun\Java\lib\ext"/>
    <property name="sun.io.unicode.encoding" value="UnicodeLittle"/>
    <property name="java.class.version" value="52.0"/>
  </properties>
  <testcase name="avgOfCostsMultipleUsersTest" classname="com.fejesp.costmanager.costmanagerapp.CostManagerCostAvgCalculationTests" time="3.487"/>
  <testcase name="avgOfCostsTest" classname="com.fejesp.costmanager.costmanagerapp.CostManagerCostAvgCalculationTests" time="0.064"/>
  <testcase name="avgOfCostsEmptyDaysTest" classname="com.fejesp.costmanager.costmanagerapp.CostManagerCostAvgCalculationTests" time="0.036"/>
</testsuite>